sample.interval=20000
"print.default" "print" "print.data.frame" "print" 
"::" "print.default" "print" "print.data.frame" "print" 
"file.exists" "find.package" "system.file" "library" "withCallingHandlers" "suppressWarnings" "<Anonymous>" 
"readRDS" "FUN" "lapply" "find.package" "system.file" "library" "withCallingHandlers" "suppressWarnings" "<Anonymous>" 
"gzfile" "readRDS" "FUN" "lapply" "find.package" "system.file" "library" "withCallingHandlers" "suppressWarnings" "<Anonymous>" 
"readRDS" "FUN" "lapply" "find.package" "system.file" "library" "withCallingHandlers" "suppressWarnings" "<Anonymous>" 
"readRDS" "library" "withCallingHandlers" "suppressWarnings" "<Anonymous>" 
"gzfile" "readRDS" "FUN" "lapply" "find.package" "system.file" "library" "withCallingHandlers" "suppressWarnings" "<Anonymous>" 
"gzfile" "readRDS" "FUN" "lapply" "find.package" "system.file" "library" "withCallingHandlers" "suppressWarnings" "<Anonymous>" 
"gzfile" "readRDS" "FUN" "lapply" "find.package" "system.file" "library" "withCallingHandlers" "suppressWarnings" "<Anonymous>" 
"gzfile" "readRDS" "FUN" "lapply" "find.package" "system.file" "library" "withCallingHandlers" "suppressWarnings" "<Anonymous>" 
"gzfile" "readRDS" "library" "withCallingHandlers" "suppressWarnings" "<Anonymous>" 
"gzfile" "readRDS" "library" "withCallingHandlers" "suppressWarnings" "<Anonymous>" 
"normalizePath" "match" "<Anonymous>" 
"gzfile" "readRDS" "doTryCatch" "tryCatchOne" "tryCatchList" "tryCatch" "try" ".readPkgDesc" "installed.packages" "as.data.frame" "<Anonymous>" 
"gzfile" "readRDS" "doTryCatch" "tryCatchOne" "tryCatchList" "tryCatch" "try" ".readPkgDesc" "installed.packages" "as.data.frame" "<Anonymous>" 
"gzfile" "readRDS" "doTryCatch" "tryCatchOne" "tryCatchList" "tryCatch" "try" ".readPkgDesc" "installed.packages" "as.data.frame" "<Anonymous>" 
"gzfile" "readRDS" "doTryCatch" "tryCatchOne" "tryCatchList" "tryCatch" "try" ".readPkgDesc" "installed.packages" "as.data.frame" "<Anonymous>" 
"[.data.frame" "[" "subset.data.frame" "subset" ".rs.packageVersion" "FUN" "lapply" "sapply" "<Anonymous>" 
"[[.data.frame" "[[" "[.data.frame" "[" "subset.data.frame" "subset" ".rs.packageVersion" "FUN" "lapply" "sapply" "<Anonymous>" 
".External" "download.file" "doTryCatch" "tryCatchOne" "tryCatchList" "tryCatch" "available.packages" "row.names" "doTryCatch" "tryCatchOne" "tryCatchList" "tryCatch" "base::try" 
".External" "download.file" "doTryCatch" "tryCatchOne" "tryCatchList" "tryCatch" "available.packages" "row.names" "doTryCatch" "tryCatchOne" "tryCatchList" "tryCatch" "base::try" 
".External" "download.file" "doTryCatch" "tryCatchOne" "tryCatchList" "tryCatch" "available.packages" "row.names" "doTryCatch" "tryCatchOne" "tryCatchList" "tryCatch" "base::try" 
".External" "download.file" "doTryCatch" "tryCatchOne" "tryCatchList" "tryCatch" "available.packages" "row.names" "doTryCatch" "tryCatchOne" "tryCatchList" "tryCatch" "base::try" 
".External" "download.file" "doTryCatch" "tryCatchOne" "tryCatchList" "tryCatch" "available.packages" "row.names" "doTryCatch" "tryCatchOne" "tryCatchList" "tryCatch" "base::try" 
".External" "download.file" "doTryCatch" "tryCatchOne" "tryCatchList" "tryCatch" "available.packages" "row.names" "doTryCatch" "tryCatchOne" "tryCatchList" "tryCatch" "base::try" 
".External" "download.file" "doTryCatch" "tryCatchOne" "tryCatchList" "tryCatch" "available.packages" "row.names" "doTryCatch" "tryCatchOne" "tryCatchList" "tryCatch" "base::try" 
".External" "download.file" "doTryCatch" "tryCatchOne" "tryCatchList" "tryCatch" "available.packages" "row.names" "doTryCatch" "tryCatchOne" "tryCatchList" "tryCatch" "base::try" 
".External" "download.file" "doTryCatch" "tryCatchOne" "tryCatchList" "tryCatch" "available.packages" "row.names" "doTryCatch" "tryCatchOne" "tryCatchList" "tryCatch" "base::try" 
".External" "download.file" "doTryCatch" "tryCatchOne" "tryCatchList" "tryCatch" "available.packages" "row.names" "doTryCatch" "tryCatchOne" "tryCatchList" "tryCatch" "base::try" 
".External" "download.file" "doTryCatch" "tryCatchOne" "tryCatchList" "tryCatch" "available.packages" "row.names" "doTryCatch" "tryCatchOne" "tryCatchList" "tryCatch" "base::try" 
".External" "download.file" "doTryCatch" "tryCatchOne" "tryCatchList" "tryCatch" "available.packages" "row.names" "doTryCatch" "tryCatchOne" "tryCatchList" "tryCatch" "base::try" 
".External" "download.file" "doTryCatch" "tryCatchOne" "tryCatchList" "tryCatch" "available.packages" "row.names" "doTryCatch" "tryCatchOne" "tryCatchList" "tryCatch" "base::try" 
".External" "download.file" "doTryCatch" "tryCatchOne" "tryCatchList" "tryCatch" "available.packages" "row.names" "doTryCatch" "tryCatchOne" "tryCatchList" "tryCatch" "base::try" 
".External" "download.file" "doTryCatch" "tryCatchOne" "tryCatchList" "tryCatch" "available.packages" "row.names" "doTryCatch" "tryCatchOne" "tryCatchList" "tryCatch" "base::try" 
".External" "download.file" "doTryCatch" "tryCatchOne" "tryCatchList" "tryCatch" "available.packages" "row.names" "doTryCatch" "tryCatchOne" "tryCatchList" "tryCatch" "base::try" 
"gzfile" "readRDS" "doTryCatch" "tryCatchOne" "tryCatchList" "tryCatch" "available.packages" "row.names" "doTryCatch" "tryCatchOne" "tryCatchList" "tryCatch" "base::try" 
"readRDS" "doTryCatch" "tryCatchOne" "tryCatchList" "tryCatch" "available.packages" "row.names" "doTryCatch" "tryCatchOne" "tryCatchList" "tryCatch" "base::try" 
"readRDS" "doTryCatch" "tryCatchOne" "tryCatchList" "tryCatch" "available.packages" "row.names" "doTryCatch" "tryCatchOne" "tryCatchList" "tryCatch" "base::try" 
"readRDS" "doTryCatch" "tryCatchOne" "tryCatchList" "tryCatch" "available.packages" "row.names" "doTryCatch" "tryCatchOne" "tryCatchList" "tryCatch" "base::try" 
"sub" "strsplit" "lapply" "f" "available.packages" "row.names" "doTryCatch" "tryCatchOne" "tryCatchList" "tryCatch" "base::try" 
"FUN" "lapply" "f" "available.packages" "row.names" "doTryCatch" "tryCatchOne" "tryCatchList" "tryCatch" "base::try" 
"grepl" "FUN" "lapply" "f" "available.packages" "row.names" "doTryCatch" "tryCatchOne" "tryCatchList" "tryCatch" "base::try" 
"lapply" "f" "available.packages" "row.names" "doTryCatch" "tryCatchOne" "tryCatchList" "tryCatch" "base::try" 
"grepl" "FUN" "lapply" "f" "available.packages" "row.names" "doTryCatch" "tryCatchOne" "tryCatchList" "tryCatch" "base::try" 
"strsplit" "lapply" ".make_numeric_version" "numeric_version" "as.numeric_version" "Ops.numeric_version" ">=" "do.call" "f" "available.packages" "row.names" "doTryCatch" "tryCatchOne" "tryCatchList" "tryCatch" "base::try" 
"sprintf" "FUN" "lapply" ".encode_numeric_version" "split" "Ops.numeric_version" ">=" "do.call" "f" "available.packages" "row.names" "doTryCatch" "tryCatchOne" "tryCatchList" "tryCatch" "base::try" 
"FUN" "vapply" ".encode_numeric_version" "split" "Ops.numeric_version" ">=" "do.call" "f" "available.packages" "row.names" "doTryCatch" "tryCatchOne" "tryCatchList" "tryCatch" "base::try" 
"paste" "FUN" "vapply" ".encode_numeric_version" "split" "Ops.numeric_version" ">=" "do.call" "f" "available.packages" "row.names" "doTryCatch" "tryCatchOne" "tryCatchList" "tryCatch" "base::try" 
"paste" "FUN" "vapply" ".encode_numeric_version" "split" "Ops.numeric_version" ">=" "do.call" "f" "available.packages" "row.names" "doTryCatch" "tryCatchOne" "tryCatchList" "tryCatch" "base::try" 
"paste" "FUN" "vapply" ".encode_numeric_version" "split" "Ops.numeric_version" ">=" "do.call" "f" "available.packages" "row.names" "doTryCatch" "tryCatchOne" "tryCatchList" "tryCatch" "base::try" 
"paste" "FUN" "vapply" ".encode_numeric_version" "split" "Ops.numeric_version" ">=" "do.call" "f" "available.packages" "row.names" "doTryCatch" "tryCatchOne" "tryCatchList" "tryCatch" "base::try" 
"paste" "FUN" "vapply" ".encode_numeric_version" "split" "Ops.numeric_version" ">=" "do.call" "f" "available.packages" "row.names" "doTryCatch" "tryCatchOne" "tryCatchList" "tryCatch" "base::try" 
"NextMethod" "Ops.numeric_version" ">=" "do.call" "f" "available.packages" "row.names" "doTryCatch" "tryCatchOne" "tryCatchList" "tryCatch" "base::try" 
"f" "available.packages" "row.names" "doTryCatch" "tryCatchOne" "tryCatchList" "tryCatch" "base::try" 
".External" "download.file" "doTryCatch" "tryCatchOne" "tryCatchList" "tryCatch" "available.packages" "row.names" "doTryCatch" "tryCatchOne" "tryCatchList" "tryCatch" "base::try" 
".External" "download.file" "doTryCatch" "tryCatchOne" "tryCatchList" "tryCatch" "available.packages" "row.names" "doTryCatch" "tryCatchOne" "tryCatchList" "tryCatch" "base::try" 
".External" "download.file" "doTryCatch" "tryCatchOne" "tryCatchList" "tryCatch" "available.packages" "row.names" "doTryCatch" "tryCatchOne" "tryCatchList" "tryCatch" "base::try" 
".External" "download.file" "doTryCatch" "tryCatchOne" "tryCatchList" "tryCatch" "available.packages" "row.names" "doTryCatch" "tryCatchOne" "tryCatchList" "tryCatch" "base::try" 
".External" "download.file" "doTryCatch" "tryCatchOne" "tryCatchList" "tryCatch" "available.packages" "row.names" "doTryCatch" "tryCatchOne" "tryCatchList" "tryCatch" "base::try" 
".External" "download.file" "doTryCatch" "tryCatchOne" "tryCatchList" "tryCatch" "available.packages" "row.names" "doTryCatch" "tryCatchOne" "tryCatchList" "tryCatch" "base::try" 
".External" "download.file" "doTryCatch" "tryCatchOne" "tryCatchList" "tryCatch" "available.packages" "row.names" "doTryCatch" "tryCatchOne" "tryCatchList" "tryCatch" "base::try" 
".External" "download.file" "doTryCatch" "tryCatchOne" "tryCatchList" "tryCatch" "available.packages" "row.names" "doTryCatch" "tryCatchOne" "tryCatchList" "tryCatch" "base::try" 
".External" "download.file" "doTryCatch" "tryCatchOne" "tryCatchList" "tryCatch" "available.packages" "row.names" "doTryCatch" "tryCatchOne" "tryCatchList" "tryCatch" "base::try" 
".External" "download.file" "doTryCatch" "tryCatchOne" "tryCatchList" "tryCatch" "available.packages" "row.names" "doTryCatch" "tryCatchOne" "tryCatchList" "tryCatch" "base::try" 
".External" "download.file" "doTryCatch" "tryCatchOne" "tryCatchList" "tryCatch" "available.packages" "row.names" "doTryCatch" "tryCatchOne" "tryCatchList" "tryCatch" "base::try" 
".External" "download.file" "doTryCatch" "tryCatchOne" "tryCatchList" "tryCatch" "available.packages" "row.names" "doTryCatch" "tryCatchOne" "tryCatchList" "tryCatch" "base::try" 
".External" "download.file" "doTryCatch" "tryCatchOne" "tryCatchList" "tryCatch" "available.packages" "row.names" "doTryCatch" "tryCatchOne" "tryCatchList" "tryCatch" "base::try" 
".External" "download.file" "doTryCatch" "tryCatchOne" "tryCatchList" "tryCatch" "available.packages" "row.names" "doTryCatch" "tryCatchOne" "tryCatchList" "tryCatch" "base::try" 
".External" "download.file" "doTryCatch" "tryCatchOne" "tryCatchList" "tryCatch" "available.packages" "row.names" "doTryCatch" "tryCatchOne" "tryCatchList" "tryCatch" "base::try" 
".External" "download.file" "doTryCatch" "tryCatchOne" "tryCatchList" "tryCatch" "available.packages" "row.names" "doTryCatch" "tryCatchOne" "tryCatchList" "tryCatch" "base::try" 
".External" "download.file" "doTryCatch" "tryCatchOne" "tryCatchList" "tryCatch" "available.packages" "row.names" "doTryCatch" "tryCatchOne" "tryCatchList" "tryCatch" "base::try" 
".External" "download.file" "doTryCatch" "tryCatchOne" "tryCatchList" "tryCatch" "available.packages" "row.names" "doTryCatch" "tryCatchOne" "tryCatchList" "tryCatch" "base::try" 
".External" "download.file" "doTryCatch" "tryCatchOne" "tryCatchList" "tryCatch" "available.packages" "row.names" "doTryCatch" "tryCatchOne" "tryCatchList" "tryCatch" "base::try" 
".External" "download.file" "doTryCatch" "tryCatchOne" "tryCatchList" "tryCatch" "available.packages" "row.names" "doTryCatch" "tryCatchOne" "tryCatchList" "tryCatch" "base::try" 
".External" "download.file" "doTryCatch" "tryCatchOne" "tryCatchList" "tryCatch" "available.packages" "row.names" "doTryCatch" "tryCatchOne" "tryCatchList" "tryCatch" "base::try" 
"readRDS" "available.packages" ".rs.loadedPackageUpdates" ".rs.scalar" "<Anonymous>" 
"readRDS" "available.packages" ".rs.loadedPackageUpdates" ".rs.scalar" "<Anonymous>" 
"readRDS" "available.packages" ".rs.loadedPackageUpdates" ".rs.scalar" "<Anonymous>" 
"strsplit" "lapply" "f" "available.packages" ".rs.loadedPackageUpdates" ".rs.scalar" "<Anonymous>" 
"lapply" "f" "available.packages" ".rs.loadedPackageUpdates" ".rs.scalar" "<Anonymous>" 
"grepl" "FUN" "lapply" "f" "available.packages" ".rs.loadedPackageUpdates" ".rs.scalar" "<Anonymous>" 
"FUN" "lapply" "f" "available.packages" ".rs.loadedPackageUpdates" ".rs.scalar" "<Anonymous>" 
"sub" "split" "f" "available.packages" ".rs.loadedPackageUpdates" ".rs.scalar" "<Anonymous>" 
"lapply" ".encode_numeric_version" "split" "Ops.numeric_version" ">=" "do.call" "f" "available.packages" ".rs.loadedPackageUpdates" ".rs.scalar" "<Anonymous>" 
"paste" "FUN" "vapply" ".encode_numeric_version" "split" "Ops.numeric_version" ">=" "do.call" "f" "available.packages" ".rs.loadedPackageUpdates" ".rs.scalar" "<Anonymous>" 
"paste0" "strlpad" "paste" "FUN" "vapply" ".encode_numeric_version" "split" "Ops.numeric_version" ">=" "do.call" "f" "available.packages" ".rs.loadedPackageUpdates" ".rs.scalar" "<Anonymous>" 
"vapply" ".encode_numeric_version" "split" "Ops.numeric_version" ">=" "do.call" "f" "available.packages" ".rs.loadedPackageUpdates" ".rs.scalar" "<Anonymous>" 
"FUN" "lapply" "unlist" "f" "available.packages" ".rs.loadedPackageUpdates" ".rs.scalar" "<Anonymous>" 
"readRDS" "available.packages" ".rs.loadedPackageUpdates" "f" "doTryCatch" "tryCatchOne" "tryCatchList" "tryCatch" "withCallingHandlers" ".rs.callAs" "install.packages" 
"readRDS" "available.packages" ".rs.loadedPackageUpdates" "f" "doTryCatch" "tryCatchOne" "tryCatchList" "tryCatch" "withCallingHandlers" ".rs.callAs" "install.packages" 
"readRDS" "available.packages" ".rs.loadedPackageUpdates" "f" "doTryCatch" "tryCatchOne" "tryCatchList" "tryCatch" "withCallingHandlers" ".rs.callAs" "install.packages" 
"strsplit" "lapply" "f" "available.packages" ".rs.loadedPackageUpdates" "f" "doTryCatch" "tryCatchOne" "tryCatchList" "tryCatch" "withCallingHandlers" ".rs.callAs" "install.packages" 
"grepl" "FUN" "lapply" "f" "available.packages" ".rs.loadedPackageUpdates" "f" "doTryCatch" "tryCatchOne" "tryCatchList" "tryCatch" "withCallingHandlers" ".rs.callAs" "install.packages" 
"grepl" "FUN" "lapply" "f" "available.packages" ".rs.loadedPackageUpdates" "f" "doTryCatch" "tryCatchOne" "tryCatchList" "tryCatch" "withCallingHandlers" ".rs.callAs" "install.packages" 
"lapply" "f" "available.packages" ".rs.loadedPackageUpdates" "f" "doTryCatch" "tryCatchOne" "tryCatchList" "tryCatch" "withCallingHandlers" ".rs.callAs" "install.packages" 
"grepl" "FUN" "lapply" "f" "available.packages" ".rs.loadedPackageUpdates" "f" "doTryCatch" "tryCatchOne" "tryCatchList" "tryCatch" "withCallingHandlers" ".rs.callAs" "install.packages" 
"FUN" "lapply" ".make_numeric_version" "numeric_version" "as.numeric_version" "Ops.numeric_version" ">=" "do.call" "f" "available.packages" ".rs.loadedPackageUpdates" "f" "doTryCatch" "tryCatchOne" "tryCatchList" "tryCatch" "withCallingHandlers" ".rs.callAs" "install.packages" 
"unlist" ".encode_numeric_version" "split" "Ops.numeric_version" ">=" "do.call" "f" "available.packages" ".rs.loadedPackageUpdates" "f" "doTryCatch" "tryCatchOne" "tryCatchList" "tryCatch" "withCallingHandlers" ".rs.callAs" "install.packages" 
"strrep" "paste0" "strlpad" "paste" "FUN" "vapply" ".encode_numeric_version" "split" "Ops.numeric_version" ">=" "do.call" "f" "available.packages" ".rs.loadedPackageUpdates" "f" "doTryCatch" "tryCatchOne" "tryCatchList" "tryCatch" "withCallingHandlers" ".rs.callAs" "install.packages" 
"vapply" ".encode_numeric_version" "split" "Ops.numeric_version" ">=" "do.call" "f" "available.packages" ".rs.loadedPackageUpdates" "f" "doTryCatch" "tryCatchOne" "tryCatchList" "tryCatch" "withCallingHandlers" ".rs.callAs" "install.packages" 
"f" "available.packages" ".rs.loadedPackageUpdates" "f" "doTryCatch" "tryCatchOne" "tryCatchList" "tryCatch" "withCallingHandlers" ".rs.callAs" "install.packages" 
"readRDS" "available.packages" "original" "f" "doTryCatch" "tryCatchOne" "tryCatchList" "tryCatch" "withCallingHandlers" ".rs.callAs" "install.packages" 
"readRDS" "available.packages" "original" "f" "doTryCatch" "tryCatchOne" "tryCatchList" "tryCatch" "withCallingHandlers" ".rs.callAs" "install.packages" 
"readRDS" "available.packages" "original" "f" "doTryCatch" "tryCatchOne" "tryCatchList" "tryCatch" "withCallingHandlers" ".rs.callAs" "install.packages" 
"readRDS" "available.packages" "original" "f" "doTryCatch" "tryCatchOne" "tryCatchList" "tryCatch" "withCallingHandlers" ".rs.callAs" "install.packages" 
"sub" "strsplit" "lapply" "f" "available.packages" "original" "f" "doTryCatch" "tryCatchOne" "tryCatchList" "tryCatch" "withCallingHandlers" ".rs.callAs" "install.packages" 
"grepl" "FUN" "lapply" "f" "available.packages" "original" "f" "doTryCatch" "tryCatchOne" "tryCatchList" "tryCatch" "withCallingHandlers" ".rs.callAs" "install.packages" 
"grepl" "FUN" "lapply" "f" "available.packages" "original" "f" "doTryCatch" "tryCatchOne" "tryCatchList" "tryCatch" "withCallingHandlers" ".rs.callAs" "install.packages" 
"grepl" "FUN" "lapply" "f" "available.packages" "original" "f" "doTryCatch" "tryCatchOne" "tryCatchList" "tryCatch" "withCallingHandlers" ".rs.callAs" "install.packages" 
"grepl" "FUN" "lapply" "f" "available.packages" "original" "f" "doTryCatch" "tryCatchOne" "tryCatchList" "tryCatch" "withCallingHandlers" ".rs.callAs" "install.packages" 
"strsplit" "lapply" ".make_numeric_version" "numeric_version" "as.numeric_version" "Ops.numeric_version" ">=" "do.call" "f" "available.packages" "original" "f" "doTryCatch" "tryCatchOne" "tryCatchList" "tryCatch" "withCallingHandlers" ".rs.callAs" "install.packages" 
"lapply" ".encode_numeric_version" "split" "Ops.numeric_version" ">=" "do.call" "f" "available.packages" "original" "f" "doTryCatch" "tryCatchOne" "tryCatchList" "tryCatch" "withCallingHandlers" ".rs.callAs" "install.packages" 
"paste0" "strlpad" "paste" "FUN" "vapply" ".encode_numeric_version" "split" "Ops.numeric_version" ">=" "do.call" "f" "available.packages" "original" "f" "doTryCatch" "tryCatchOne" "tryCatchList" "tryCatch" "withCallingHandlers" ".rs.callAs" "install.packages" 
"strlpad" "paste" "FUN" "vapply" ".encode_numeric_version" "split" "Ops.numeric_version" ">=" "do.call" "f" "available.packages" "original" "f" "doTryCatch" "tryCatchOne" "tryCatchList" "tryCatch" "withCallingHandlers" ".rs.callAs" "install.packages" 
"lapply" "sapply" "f" "available.packages" "original" "f" "doTryCatch" "tryCatchOne" "tryCatchList" "tryCatch" "withCallingHandlers" ".rs.callAs" "install.packages" 
"is.na" "FUN" "lapply" "unlist" "f" "available.packages" "original" "f" "doTryCatch" "tryCatchOne" "tryCatchList" "tryCatch" "withCallingHandlers" ".rs.callAs" "install.packages" 
"gzfile" "readRDS" "doTryCatch" "tryCatchOne" "tryCatchList" "tryCatch" "try" ".readPkgDesc" "installed.packages" "getDependencies" "original" "f" "doTryCatch" "tryCatchOne" "tryCatchList" "tryCatch" "withCallingHandlers" ".rs.callAs" "install.packages" 
"close.connection" "close" "readRDS" "doTryCatch" "tryCatchOne" "tryCatchList" "tryCatch" "try" ".readPkgDesc" "installed.packages" "getDependencies" "original" "f" "doTryCatch" "tryCatchOne" "tryCatchList" "tryCatch" "withCallingHandlers" ".rs.callAs" "install.packages" 
"gzfile" "readRDS" "doTryCatch" "tryCatchOne" "tryCatchList" "tryCatch" "try" ".readPkgDesc" "installed.packages" "getDependencies" "original" "f" "doTryCatch" "tryCatchOne" "tryCatchList" "tryCatch" "withCallingHandlers" ".rs.callAs" "install.packages" 
"file.access" ".readPkgDesc" "installed.packages" "getDependencies" "original" "f" "doTryCatch" "tryCatchOne" "tryCatchList" "tryCatch" "withCallingHandlers" ".rs.callAs" "install.packages" 
".External" "download.file" "doTryCatch" "tryCatchOne" "tryCatchList" "tryCatch" "available.packages" "original" "f" "doTryCatch" "tryCatchOne" "tryCatchList" "tryCatch" "withCallingHandlers" ".rs.callAs" "install.packages" 
".External" "download.file" "doTryCatch" "tryCatchOne" "tryCatchList" "tryCatch" "available.packages" "original" "f" "doTryCatch" "tryCatchOne" "tryCatchList" "tryCatch" "withCallingHandlers" ".rs.callAs" "install.packages" 
"readRDS" "doTryCatch" "tryCatchOne" "tryCatchList" "tryCatch" "available.packages" "original" "f" "doTryCatch" "tryCatchOne" "tryCatchList" "tryCatch" "withCallingHandlers" ".rs.callAs" "install.packages" 
"readRDS" "doTryCatch" "tryCatchOne" "tryCatchList" "tryCatch" "available.packages" "original" "f" "doTryCatch" "tryCatchOne" "tryCatchList" "tryCatch" "withCallingHandlers" ".rs.callAs" "install.packages" 
"readRDS" "doTryCatch" "tryCatchOne" "tryCatchList" "tryCatch" "available.packages" "original" "f" "doTryCatch" "tryCatchOne" "tryCatchList" "tryCatch" "withCallingHandlers" ".rs.callAs" "install.packages" 
"cbind" "available.packages" "original" "f" "doTryCatch" "tryCatchOne" "tryCatchList" "tryCatch" "withCallingHandlers" ".rs.callAs" "install.packages" 
".External" "download.file" "doTryCatch" "tryCatchOne" "tryCatchList" "tryCatch" "available.packages" "original" "f" "doTryCatch" "tryCatchOne" "tryCatchList" "tryCatch" "withCallingHandlers" ".rs.callAs" "install.packages" 
".External" "download.file" "doTryCatch" "tryCatchOne" "tryCatchList" "tryCatch" "available.packages" "original" "f" "doTryCatch" "tryCatchOne" "tryCatchList" "tryCatch" "withCallingHandlers" ".rs.callAs" "install.packages" 
".External" "download.file" "doTryCatch" "tryCatchOne" "tryCatchList" "tryCatch" "available.packages" "original" "f" "doTryCatch" "tryCatchOne" "tryCatchList" "tryCatch" "withCallingHandlers" ".rs.callAs" "install.packages" 
".External" "download.file" "doTryCatch" "tryCatchOne" "tryCatchList" "tryCatch" "available.packages" "original" "f" "doTryCatch" "tryCatchOne" "tryCatchList" "tryCatch" "withCallingHandlers" ".rs.callAs" "install.packages" 
".External" "download.file" "doTryCatch" "tryCatchOne" "tryCatchList" "tryCatch" "available.packages" "original" "f" "doTryCatch" "tryCatchOne" "tryCatchList" "tryCatch" "withCallingHandlers" ".rs.callAs" "install.packages" 
".External" "download.file" "doTryCatch" "tryCatchOne" "tryCatchList" "tryCatch" "available.packages" "original" "f" "doTryCatch" "tryCatchOne" "tryCatchList" "tryCatch" "withCallingHandlers" ".rs.callAs" "install.packages" 
".External" "download.file" "doTryCatch" "tryCatchOne" "tryCatchList" "tryCatch" "available.packages" "original" "f" "doTryCatch" "tryCatchOne" "tryCatchList" "tryCatch" "withCallingHandlers" ".rs.callAs" "install.packages" 
".External" "download.file" "doTryCatch" "tryCatchOne" "tryCatchList" "tryCatch" "available.packages" "original" "f" "doTryCatch" "tryCatchOne" "tryCatchList" "tryCatch" "withCallingHandlers" ".rs.callAs" "install.packages" 
".External" "download.file" "doTryCatch" "tryCatchOne" "tryCatchList" "tryCatch" "available.packages" "original" "f" "doTryCatch" "tryCatchOne" "tryCatchList" "tryCatch" "withCallingHandlers" ".rs.callAs" "install.packages" 
".External" "download.file" "doTryCatch" "tryCatchOne" "tryCatchList" "tryCatch" "available.packages" "original" "f" "doTryCatch" "tryCatchOne" "tryCatchList" "tryCatch" "withCallingHandlers" ".rs.callAs" "install.packages" 
".External" "download.file" "doTryCatch" "tryCatchOne" "tryCatchList" "tryCatch" "available.packages" "original" "f" "doTryCatch" "tryCatchOne" "tryCatchList" "tryCatch" "withCallingHandlers" ".rs.callAs" "install.packages" 
".External" "download.file" "doTryCatch" "tryCatchOne" "tryCatchList" "tryCatch" "available.packages" "original" "f" "doTryCatch" "tryCatchOne" "tryCatchList" "tryCatch" "withCallingHandlers" ".rs.callAs" "install.packages" 
".External" "download.file" "doTryCatch" "tryCatchOne" "tryCatchList" "tryCatch" "available.packages" "original" "f" "doTryCatch" "tryCatchOne" "tryCatchList" "tryCatch" "withCallingHandlers" ".rs.callAs" "install.packages" 
".External" "download.file" "doTryCatch" "tryCatchOne" "tryCatchList" "tryCatch" "available.packages" "original" "f" "doTryCatch" "tryCatchOne" "tryCatchList" "tryCatch" "withCallingHandlers" ".rs.callAs" "install.packages" 
".External" "download.file" "doTryCatch" "tryCatchOne" "tryCatchList" "tryCatch" "available.packages" "original" "f" "doTryCatch" "tryCatchOne" "tryCatchList" "tryCatch" "withCallingHandlers" ".rs.callAs" "install.packages" 
".External" "download.file" "doTryCatch" "tryCatchOne" "tryCatchList" "tryCatch" "available.packages" "original" "f" "doTryCatch" "tryCatchOne" "tryCatchList" "tryCatch" "withCallingHandlers" ".rs.callAs" "install.packages" 
".External" "download.file" "doTryCatch" "tryCatchOne" "tryCatchList" "tryCatch" "available.packages" "original" "f" "doTryCatch" "tryCatchOne" "tryCatchList" "tryCatch" "withCallingHandlers" ".rs.callAs" "install.packages" 
".External" "download.file" "doTryCatch" "tryCatchOne" "tryCatchList" "tryCatch" "available.packages" "original" "f" "doTryCatch" "tryCatchOne" "tryCatchList" "tryCatch" "withCallingHandlers" ".rs.callAs" "install.packages" 
".External" "download.file" "doTryCatch" "tryCatchOne" "tryCatchList" "tryCatch" "available.packages" "original" "f" "doTryCatch" "tryCatchOne" "tryCatchList" "tryCatch" "withCallingHandlers" ".rs.callAs" "install.packages" 
".External" "download.file" "doTryCatch" "tryCatchOne" "tryCatchList" "tryCatch" "available.packages" "original" "f" "doTryCatch" "tryCatchOne" "tryCatchList" "tryCatch" "withCallingHandlers" ".rs.callAs" "install.packages" 
".External" "download.file" "doTryCatch" "tryCatchOne" "tryCatchList" "tryCatch" "available.packages" "original" "f" "doTryCatch" "tryCatchOne" "tryCatchList" "tryCatch" "withCallingHandlers" ".rs.callAs" "install.packages" 
".External" "download.file" "doTryCatch" "tryCatchOne" "tryCatchList" "tryCatch" "available.packages" "original" "f" "doTryCatch" "tryCatchOne" "tryCatchList" "tryCatch" "withCallingHandlers" ".rs.callAs" "install.packages" 
"strsplit" "lapply" "f" "available.packages" "original" "f" "doTryCatch" "tryCatchOne" "tryCatchList" "tryCatch" "withCallingHandlers" ".rs.callAs" "install.packages" 
"grepl" "FUN" "lapply" "f" "available.packages" "original" "f" "doTryCatch" "tryCatchOne" "tryCatchList" "tryCatch" "withCallingHandlers" ".rs.callAs" "install.packages" 
"FUN" "lapply" "f" "available.packages" "original" "f" "doTryCatch" "tryCatchOne" "tryCatchList" "tryCatch" "withCallingHandlers" ".rs.callAs" "install.packages" 
"FUN" "lapply" "f" "available.packages" "original" "f" "doTryCatch" "tryCatchOne" "tryCatchList" "tryCatch" "withCallingHandlers" ".rs.callAs" "install.packages" 
"grepl" "FUN" "lapply" "f" "available.packages" "original" "f" "doTryCatch" "tryCatchOne" "tryCatchList" "tryCatch" "withCallingHandlers" ".rs.callAs" "install.packages" 
"strsplit" "lapply" ".make_numeric_version" "numeric_version" "as.numeric_version" "Ops.numeric_version" ">=" "do.call" "f" "available.packages" "original" "f" "doTryCatch" "tryCatchOne" "tryCatchList" "tryCatch" "withCallingHandlers" ".rs.callAs" "install.packages" 
"unlist" ".encode_numeric_version" "split" "Ops.numeric_version" ">=" "do.call" "f" "available.packages" "original" "f" "doTryCatch" "tryCatchOne" "tryCatchList" "tryCatch" "withCallingHandlers" ".rs.callAs" "install.packages" 
"paste" "FUN" "vapply" ".encode_numeric_version" "split" "Ops.numeric_version" ">=" "do.call" "f" "available.packages" "original" "f" "doTryCatch" "tryCatchOne" "tryCatchList" "tryCatch" "withCallingHandlers" ".rs.callAs" "install.packages" 
"paste0" "strlpad" "paste" "FUN" "vapply" ".encode_numeric_version" "split" "Ops.numeric_version" ">=" "do.call" "f" "available.packages" "original" "f" "doTryCatch" "tryCatchOne" "tryCatchList" "tryCatch" "withCallingHandlers" ".rs.callAs" "install.packages" 
"unique.default" "unique" "simplify2array" "sapply" "f" "available.packages" "original" "f" "doTryCatch" "tryCatchOne" "tryCatchList" "tryCatch" "withCallingHandlers" ".rs.callAs" "install.packages" 
"strsplit" "FUN" "lapply" "unlist" "f" "available.packages" "original" "f" "doTryCatch" "tryCatchOne" "tryCatchList" "tryCatch" "withCallingHandlers" ".rs.callAs" "install.packages" 
"strsplit" "FUN" "lapply" "unlist" "f" "available.packages" "original" "f" "doTryCatch" "tryCatchOne" "tryCatchList" "tryCatch" "withCallingHandlers" ".rs.callAs" "install.packages" 
".External" "download.file" "doTryCatch" "tryCatchOne" "tryCatchList" "tryCatch" "try" "download.packages" ".install.winbinary" "original" "f" "doTryCatch" "tryCatchOne" "tryCatchList" "tryCatch" "withCallingHandlers" ".rs.callAs" "install.packages" 
".External" "unzip" ".zip.unpack" "unpackPkgZip" ".install.winbinary" "original" "f" "doTryCatch" "tryCatchOne" "tryCatchList" "tryCatch" "withCallingHandlers" ".rs.callAs" "install.packages" 
".External" "unzip" ".zip.unpack" "unpackPkgZip" ".install.winbinary" "original" "f" "doTryCatch" "tryCatchOne" "tryCatchList" "tryCatch" "withCallingHandlers" ".rs.callAs" "install.packages" 
".External" "unzip" ".zip.unpack" "unpackPkgZip" ".install.winbinary" "original" "f" "doTryCatch" "tryCatchOne" "tryCatchList" "tryCatch" "withCallingHandlers" ".rs.callAs" "install.packages" 
".External" "unzip" ".zip.unpack" "unpackPkgZip" ".install.winbinary" "original" "f" "doTryCatch" "tryCatchOne" "tryCatchList" "tryCatch" "withCallingHandlers" ".rs.callAs" "install.packages" 
".External" "unzip" ".zip.unpack" "unpackPkgZip" ".install.winbinary" "original" "f" "doTryCatch" "tryCatchOne" "tryCatchList" "tryCatch" "withCallingHandlers" ".rs.callAs" "install.packages" 
"structure" "md5sum" "tools::checkMD5sums" "unpackPkgZip" ".install.winbinary" "original" "f" "doTryCatch" "tryCatchOne" "tryCatchList" "tryCatch" "withCallingHandlers" ".rs.callAs" "install.packages" 
"structure" "md5sum" "tools::checkMD5sums" "unpackPkgZip" ".install.winbinary" "original" "f" "doTryCatch" "tryCatchOne" "tryCatchList" "tryCatch" "withCallingHandlers" ".rs.callAs" "install.packages" 
"structure" "md5sum" "tools::checkMD5sums" "unpackPkgZip" ".install.winbinary" "original" "f" "doTryCatch" "tryCatchOne" "tryCatchList" "tryCatch" "withCallingHandlers" ".rs.callAs" "install.packages" 
"structure" "md5sum" "tools::checkMD5sums" "unpackPkgZip" ".install.winbinary" "original" "f" "doTryCatch" "tryCatchOne" "tryCatchList" "tryCatch" "withCallingHandlers" ".rs.callAs" "install.packages" 
"structure" "md5sum" "tools::checkMD5sums" "unpackPkgZip" ".install.winbinary" "original" "f" "doTryCatch" "tryCatchOne" "tryCatchList" "tryCatch" "withCallingHandlers" ".rs.callAs" "install.packages" 
"Sys.sleep" "unpackPkgZip" ".install.winbinary" "original" "f" "doTryCatch" "tryCatchOne" "tryCatchList" "tryCatch" "withCallingHandlers" ".rs.callAs" "install.packages" 
"Sys.sleep" "unpackPkgZip" ".install.winbinary" "original" "f" "doTryCatch" "tryCatchOne" "tryCatchList" "tryCatch" "withCallingHandlers" ".rs.callAs" "install.packages" 
"Sys.sleep" "unpackPkgZip" ".install.winbinary" "original" "f" "doTryCatch" "tryCatchOne" "tryCatchList" "tryCatch" "withCallingHandlers" ".rs.callAs" "install.packages" 
"Sys.sleep" "unpackPkgZip" ".install.winbinary" "original" "f" "doTryCatch" "tryCatchOne" "tryCatchList" "tryCatch" "withCallingHandlers" ".rs.callAs" "install.packages" 
"Sys.sleep" "unpackPkgZip" ".install.winbinary" "original" "f" "doTryCatch" "tryCatchOne" "tryCatchList" "tryCatch" "withCallingHandlers" ".rs.callAs" "install.packages" 
"Sys.sleep" "unpackPkgZip" ".install.winbinary" "original" "f" "doTryCatch" "tryCatchOne" "tryCatchList" "tryCatch" "withCallingHandlers" ".rs.callAs" "install.packages" 
"Sys.sleep" "unpackPkgZip" ".install.winbinary" "original" "f" "doTryCatch" "tryCatchOne" "tryCatchList" "tryCatch" "withCallingHandlers" ".rs.callAs" "install.packages" 
"Sys.sleep" "unpackPkgZip" ".install.winbinary" "original" "f" "doTryCatch" "tryCatchOne" "tryCatchList" "tryCatch" "withCallingHandlers" ".rs.callAs" "install.packages" 
"Sys.sleep" "unpackPkgZip" ".install.winbinary" "original" "f" "doTryCatch" "tryCatchOne" "tryCatchList" "tryCatch" "withCallingHandlers" ".rs.callAs" "install.packages" 
"Sys.sleep" "unpackPkgZip" ".install.winbinary" "original" "f" "doTryCatch" "tryCatchOne" "tryCatchList" "tryCatch" "withCallingHandlers" ".rs.callAs" "install.packages" 
"Sys.sleep" "unpackPkgZip" ".install.winbinary" "original" "f" "doTryCatch" "tryCatchOne" "tryCatchList" "tryCatch" "withCallingHandlers" ".rs.callAs" "install.packages" 
"Sys.sleep" "unpackPkgZip" ".install.winbinary" "original" "f" "doTryCatch" "tryCatchOne" "tryCatchList" "tryCatch" "withCallingHandlers" ".rs.callAs" "install.packages" 
"Sys.sleep" "unpackPkgZip" ".install.winbinary" "original" "f" "doTryCatch" "tryCatchOne" "tryCatchList" "tryCatch" "withCallingHandlers" ".rs.callAs" "install.packages" 
"Sys.sleep" "unpackPkgZip" ".install.winbinary" "original" "f" "doTryCatch" "tryCatchOne" "tryCatchList" "tryCatch" "withCallingHandlers" ".rs.callAs" "install.packages" 
"Sys.sleep" "unpackPkgZip" ".install.winbinary" "original" "f" "doTryCatch" "tryCatchOne" "tryCatchList" "tryCatch" "withCallingHandlers" ".rs.callAs" "install.packages" 
"file.path" "file.rename" "unpackPkgZip" ".install.winbinary" "original" "f" "doTryCatch" "tryCatchOne" "tryCatchList" "tryCatch" "withCallingHandlers" ".rs.callAs" "install.packages" 
"base::list.dirs" ".rs.updatePackageEvents" "f" "doTryCatch" "tryCatchOne" "tryCatchList" "tryCatch" "withCallingHandlers" ".rs.callAs" "install.packages" 
"findCenvVar" "findLocVar" "cmpCall" "cmp" "cmpBuiltinArgs" "cmpBuiltin" "cmpDotInternalCall" "h" "tryInline" "cmpCall" "cmp" "cmpBuiltinArgs" "h" "tryInline" "cmpCall" "cmp" "cmpPrim1" "h" "tryInline" "cmpCall" "cmp" "cmpSymbolAssign" "h" "tryInline" "cmpCall" "cmp" "h" "tryInline" "cmpCall" "cmp" "genCode" "cmpfun" "doTryCatch" "tryCatchOne" "tryCatchList" "tryCatch" "compiler:::tryCmpfun" "<Anonymous>" ".Call" "f" "doTryCatch" "tryCatchOne" "tryCatchList" "tryCatch" "withCallingHandlers" ".rs.callAs" "install.packages" 
"close" "readRDS" "FUN" "lapply" "find.package" "system.file" "library" "withCallingHandlers" "suppressWarnings" "<Anonymous>" ".Call" "f" "doTryCatch" "tryCatchOne" "tryCatchList" "tryCatch" "withCallingHandlers" ".rs.callAs" "install.packages" 
"gzfile" "readRDS" "FUN" "lapply" "find.package" "system.file" "library" "withCallingHandlers" "suppressWarnings" "<Anonymous>" ".Call" "f" "doTryCatch" "tryCatchOne" "tryCatchList" "tryCatch" "withCallingHandlers" ".rs.callAs" "install.packages" 
"gzfile" "readRDS" "FUN" "lapply" "find.package" "system.file" "library" "withCallingHandlers" "suppressWarnings" "<Anonymous>" ".Call" "f" "doTryCatch" "tryCatchOne" "tryCatchList" "tryCatch" "withCallingHandlers" ".rs.callAs" "install.packages" 
"file.exists" "find.package" "system.file" "library" "withCallingHandlers" "suppressWarnings" "<Anonymous>" ".Call" "f" "doTryCatch" "tryCatchOne" "tryCatchList" "tryCatch" "withCallingHandlers" ".rs.callAs" "install.packages" 
"file.exists" "FUN" "lapply" "find.package" "system.file" "library" "withCallingHandlers" "suppressWarnings" "<Anonymous>" ".Call" "f" "doTryCatch" "tryCatchOne" "tryCatchList" "tryCatch" "withCallingHandlers" ".rs.callAs" "install.packages" 
"find.package" "system.file" "library" "withCallingHandlers" "suppressWarnings" "<Anonymous>" ".Call" "f" "doTryCatch" "tryCatchOne" "tryCatchList" "tryCatch" "withCallingHandlers" ".rs.callAs" "install.packages" 
"close.connection" "close" "readRDS" "FUN" "lapply" "find.package" "system.file" "library" "withCallingHandlers" "suppressWarnings" "<Anonymous>" ".Call" "f" "doTryCatch" "tryCatchOne" "tryCatchList" "tryCatch" "withCallingHandlers" ".rs.callAs" "install.packages" 
"gzfile" "readRDS" "FUN" "lapply" "find.package" "system.file" "library" "withCallingHandlers" "suppressWarnings" "<Anonymous>" ".Call" "f" "doTryCatch" "tryCatchOne" "tryCatchList" "tryCatch" "withCallingHandlers" ".rs.callAs" "install.packages" 
"file.exists" "FUN" "lapply" "find.package" "system.file" "library" "withCallingHandlers" "suppressWarnings" "<Anonymous>" ".Call" "f" "doTryCatch" "tryCatchOne" "tryCatchList" "tryCatch" "withCallingHandlers" ".rs.callAs" "install.packages" 
"gzfile" "readRDS" "library" "withCallingHandlers" "suppressWarnings" "<Anonymous>" ".Call" "f" "doTryCatch" "tryCatchOne" "tryCatchList" "tryCatch" "withCallingHandlers" ".rs.callAs" "install.packages" 
"readRDS" "FUN" "lapply" "find.package" "system.file" "library" "withCallingHandlers" "suppressWarnings" "<Anonymous>" ".Call" "f" "doTryCatch" "tryCatchOne" "tryCatchList" "tryCatch" "withCallingHandlers" ".rs.callAs" "install.packages" 
"gzfile" "readRDS" "library" "withCallingHandlers" "suppressWarnings" "<Anonymous>" ".Call" "f" "doTryCatch" "tryCatchOne" "tryCatchList" "tryCatch" "withCallingHandlers" ".rs.callAs" "install.packages" 
"installed.packages" "as.data.frame" "<Anonymous>" ".Call" "f" "doTryCatch" "tryCatchOne" "tryCatchList" "tryCatch" "withCallingHandlers" ".rs.callAs" "install.packages" 
"gzfile" "readRDS" "doTryCatch" "tryCatchOne" "tryCatchList" "tryCatch" "try" ".readPkgDesc" "installed.packages" "as.data.frame" "<Anonymous>" ".Call" "f" "doTryCatch" "tryCatchOne" "tryCatchList" "tryCatch" "withCallingHandlers" ".rs.callAs" "install.packages" 
"eval" "subset.data.frame" "subset" ".rs.packageVersion" "FUN" "lapply" "sapply" "<Anonymous>" ".Call" "f" "doTryCatch" "tryCatchOne" "tryCatchList" "tryCatch" "withCallingHandlers" ".rs.callAs" "install.packages" 
"normalizePath" "setNamespaceInfo" "makeNamespace" "loadNamespace" "doTryCatch" "tryCatchOne" "tryCatchList" "tryCatch" "library" 
"gzfile" "readRDS" "loadNamespace" "namespaceImport" "loadNamespace" "namespaceImport" "loadNamespace" "namespaceImport" "loadNamespace" "doTryCatch" "tryCatchOne" "tryCatchList" "tryCatch" "library" 
"file" "parse" "sys.source" "doTryCatch" "tryCatchOne" "tryCatchList" "tryCatch" "try" "loadNamespace" "namespaceImport" "loadNamespace" "namespaceImport" "loadNamespace" "doTryCatch" "tryCatchOne" "tryCatchList" "tryCatch" "library" 
"inDL" "dyn.load" "library.dynam" "loadNamespace" "namespaceImport" "loadNamespace" "namespaceImport" "loadNamespace" "doTryCatch" "tryCatchOne" "tryCatchList" "tryCatch" "library" 
"file.exists" "find.package" "loadNamespace" "namespaceImport" "loadNamespace" "namespaceImport" "loadNamespace" "doTryCatch" "tryCatchOne" "tryCatchList" "tryCatch" "library" 
"inDL" "dyn.load" "library.dynam" "loadNamespace" "namespaceImport" "loadNamespace" "namespaceImport" "loadNamespace" "doTryCatch" "tryCatchOne" "tryCatchList" "tryCatch" "library" 
"gzfile" "readRDS" "loadNamespace" "asNamespace" "namespaceImportFrom" "loadNamespace" "namespaceImport" "loadNamespace" "doTryCatch" "tryCatchOne" "tryCatchList" "tryCatch" "library" 
"inDL" "dyn.load" "library.dynam" "loadNamespace" "doTryCatch" "tryCatchOne" "tryCatchList" "tryCatch" "library" 
"gc" "profvis" 
"gc" "profvis" 
"gc" "profvis" 
"gc" "profvis" 
