This is pdfTeX, Version 3.141592653-2.6-1.40.25 (TeX Live 2023) (preloaded format=pdflatex 2023.5.14)  15 MAY 2023 17:45
entering extended mode
 restricted \write18 enabled.
 %&-line parsing enabled.
**/Users/eli.holmes/Documents/GitHub/MARSS/docs/articles/Quick_Start.tex
(/Users/eli.holmes/Documents/GitHub/MARSS/docs/articles/Quick_Start.tex
LaTeX2e <2022-11-01> patch level 1
L3 programming layer <2023-05-11>

! LaTeX Error: Missing \begin{document}.

See the LaTeX manual or LaTeX Companion for explanation.
Type  H <return>  for immediate help.
 ...                                              
                                                  
l.1 <
     !DOCTYPE html> 
Here is how much of TeX's memory you used:
 18 strings out of 478007
 695 string characters out of 5838177
 1850999 words of memory out of 5000000
 20294 multiletter control sequences out of 15000+600000
 512287 words of font info for 32 fonts, out of 8000000 for 9000
 14 hyphenation exceptions out of 8191
 13i,0n,12p,118b,14s stack positions out of 10000i,1000n,20000p,200000b,200000s

!  ==> Fatal error occurred, no output PDF file produced!
